<?xml version="1.0" encoding="UTF-8"?>
<testng-results ignored="0" total="2" passed="2" failed="0" skipped="0">
  <reporter-output>
  </reporter-output>
  <suite started-at="2023-10-01T19:02:27 EDT" name="Default suite" finished-at="2023-10-01T19:02:40 EDT" duration-ms="12359">
    <groups>
    </groups>
    <test started-at="2023-10-01T19:02:27 EDT" name="Default test" finished-at="2023-10-01T19:02:40 EDT" duration-ms="12359">
      <class name="com.crm.qa.tests.LoginPageTest">
        <test-method is-config="true" signature="setup()[pri:0, instance:com.crm.qa.tests.LoginPageTest@26d9b808]" started-at="2023-10-01T19:02:28 EDT" name="setup" finished-at="2023-10-01T19:02:34 EDT" duration-ms="6925" status="PASS">
          <reporter-output>
          </reporter-output>
        </test-method> <!-- setup -->
        <test-method signature="loginTest()[pri:0, instance:com.crm.qa.tests.LoginPageTest@26d9b808]" started-at="2023-10-01T19:02:34 EDT" name="loginTest" finished-at="2023-10-01T19:02:35 EDT" duration-ms="1037" status="PASS">
          <reporter-output>
          </reporter-output>
        </test-method> <!-- loginTest -->
        <test-method is-config="true" signature="teardown()[pri:0, instance:com.crm.qa.tests.LoginPageTest@26d9b808]" started-at="2023-10-01T19:02:35 EDT" name="teardown" finished-at="2023-10-01T19:02:36 EDT" duration-ms="655" status="PASS">
          <reporter-output>
          </reporter-output>
        </test-method> <!-- teardown -->
        <test-method is-config="true" signature="setup()[pri:0, instance:com.crm.qa.tests.LoginPageTest@26d9b808]" started-at="2023-10-01T19:02:36 EDT" name="setup" finished-at="2023-10-01T19:02:39 EDT" duration-ms="3108" status="PASS">
          <reporter-output>
          </reporter-output>
        </test-method> <!-- setup -->
        <test-method signature="loginTestTitleTest()[pri:0, instance:com.crm.qa.tests.LoginPageTest@26d9b808]" started-at="2023-10-01T19:02:39 EDT" name="loginTestTitleTest" finished-at="2023-10-01T19:02:39 EDT" duration-ms="7" status="PASS">
          <reporter-output>
          </reporter-output>
        </test-method> <!-- loginTestTitleTest -->
        <test-method is-config="true" signature="teardown()[pri:0, instance:com.crm.qa.tests.LoginPageTest@26d9b808]" started-at="2023-10-01T19:02:39 EDT" name="teardown" finished-at="2023-10-01T19:02:40 EDT" duration-ms="564" status="PASS">
          <reporter-output>
          </reporter-output>
        </test-method> <!-- teardown -->
      </class> <!-- com.crm.qa.tests.LoginPageTest -->
    </test> <!-- Default test -->
  </suite> <!-- Default suite -->
</testng-results>
